<?xml version="1.0" encoding="UTF-8"?>
<!-- Generated by org.testng.reporters.JUnitReportReporter -->
<testsuite hostname="MEENA-S4-LP" name="com.cenlar.qa.testcases.ContactUsPageTest" tests="5" failures="0" timestamp="10 Apr 2018 19:30:16 GMT" time="5.754" errors="0">
  <testcase name="requiredFieldErrorTest" time="0.600" classname="com.cenlar.qa.testcases.ContactUsPageTest"/>
  <testcase name="validateErrorTest" time="0.062" classname="com.cenlar.qa.testcases.ContactUsPageTest"/>
  <testcase name="clickOnSubServiceTest" time="2.517" classname="com.cenlar.qa.testcases.ContactUsPageTest"/>
  <testcase name="clickonSubmitBtnTest" time="2.222" classname="com.cenlar.qa.testcases.ContactUsPageTest"/>
  <testcase name="requiredFieldError1Test" time="0.353" classname="com.cenlar.qa.testcases.ContactUsPageTest"/>
</testsuite> <!-- com.cenlar.qa.testcases.ContactUsPageTest -->
