<?xml version="1.0" encoding="UTF-8"?>
<!-- Generated by org.testng.reporters.JUnitReportReporter -->
<testsuite hostname="MEENA-S4-LP" name="com.cenlar.qa.testcases.HomePageTest" tests="1" failures="0" timestamp="10 Apr 2018 21:03:42 GMT" time="0.067" errors="0">
  <testcase name="verifyPageTitleTest" time="0.067" classname="com.cenlar.qa.testcases.HomePageTest"/>
</testsuite> <!-- com.cenlar.qa.testcases.HomePageTest -->
