<?xml version="1.0" encoding="UTF-8"?>
<!-- Generated by org.testng.reporters.JUnitReportReporter -->
<testsuite hostname="MEENA-S4-LP" name="com.cenlar.qa.testcases.BusinessLoginPageTest" tests="4" failures="0" timestamp="10 Apr 2018 19:30:16 GMT" time="1.310" errors="0">
  <testcase name="validateBusinessLoginTest" time="0.327" classname="com.cenlar.qa.testcases.BusinessLoginPageTest"/>
  <testcase name="validateBusinessLoginTest" time="0.367" classname="com.cenlar.qa.testcases.BusinessLoginPageTest"/>
  <testcase name="validateBusinessLoginTest" time="0.391" classname="com.cenlar.qa.testcases.BusinessLoginPageTest"/>
  <testcase name="clickOnBusinessLoginTest" time="0.225" classname="com.cenlar.qa.testcases.BusinessLoginPageTest"/>
</testsuite> <!-- com.cenlar.qa.testcases.BusinessLoginPageTest -->
